<?xml version="1.0" encoding="UTF-8"?>
<robot generator="Robot 3.2.1 (Python 3.7.7 on win32)" generated="20201119 16:56:45.614" rpa="false">
<suite id="s1" name="CMSv4New20201013" source="D:\CMSV4\CMSv4New20201013">
<suite id="s1-s1" name="CMS LoginSuite" source="D:\CMSV4\CMSv4New20201013\CMS LoginSuite.robot">
<test id="s1-s1-t1" name="Login Success">
<kw name="No Operation" library="BuiltIn" type="setup">
<doc>Does absolutely nothing.</doc>
<status status="PASS" starttime="20201119 16:56:46.187" endtime="20201119 16:56:46.188"></status>
</kw>
<kw name="Login Success" library="LoginAssert">
<arguments>
<arg>Administrator</arg>
<arg>Screenbeam</arg>
<arg>498</arg>
</arguments>
<kw name="Run Keyword If" library="BuiltIn">
<doc>Runs the given keyword with the given arguments, if ``condition`` is true.</doc>
<arguments>
<arg>'${caseid}' != 'Blank'</arg>
<arg>Log</arg>
<arg>Running Case -------- ${caseid}</arg>
</arguments>
<kw name="Log" library="BuiltIn">
<doc>Logs the given message with the given level.</doc>
<arguments>
<arg>Running Case -------- ${caseid}</arg>
</arguments>
<msg timestamp="20201119 16:56:46.190" level="INFO">Running Case -------- 498</msg>
<status status="PASS" starttime="20201119 16:56:46.190" endtime="20201119 16:56:46.190"></status>
</kw>
<status status="PASS" starttime="20201119 16:56:46.189" endtime="20201119 16:56:46.191"></status>
</kw>
<kw name="Login" library="LoginModel">
<arguments>
<arg>${username}</arg>
<arg>${password}</arg>
</arguments>
<kw name="Open Url" library="Common">
<kw name="Open Browser" library="SeleniumLibrary">
<doc>Opens a new browser instance to the optional ``url``.</doc>
<arguments>
<arg>${url}</arg>
<arg>${browser}</arg>
<arg>options=add_argument("--disable-popup-blocking"); add_argument("--ignore-certificate-errors")</arg>
</arguments>
<msg timestamp="20201119 16:56:46.194" level="INFO">Opening browser 'chrome' to base url 'https://192.168.1.142:8888/Login'.</msg>
<status status="PASS" starttime="20201119 16:56:46.193" endtime="20201119 16:56:50.369"></status>
</kw>
<kw name="Maximize Browser Window" library="SeleniumLibrary">
<doc>Maximizes current browser window.</doc>
<status status="PASS" starttime="20201119 16:56:50.370" endtime="20201119 16:56:52.514"></status>
</kw>
<status status="PASS" starttime="20201119 16:56:46.192" endtime="20201119 16:56:52.515"></status>
</kw>
<kw name="Run Keyword If" library="BuiltIn">
<doc>Runs the given keyword with the given arguments, if ``condition`` is true.</doc>
<arguments>
<arg>'${username}' != 'Blank'</arg>
<arg>Input Login Username</arg>
<arg>${username}</arg>
</arguments>
<kw name="Input Login Username" library="LoginActions">
<arguments>
<arg>${username}</arg>
</arguments>
<kw name="Input Text" library="SeleniumLibrary">
<doc>Types the given ``text`` into the text field identified by ``locator``.</doc>
<arguments>
<arg>${LoginUsernameL}</arg>
<arg>${username}</arg>
</arguments>
<msg timestamp="20201119 16:56:52.519" level="INFO">Typing text 'Administrator' into text field 'id=login-username'.</msg>
<status status="PASS" starttime="20201119 16:56:52.518" endtime="20201119 16:56:52.719"></status>
</kw>
<status status="PASS" starttime="20201119 16:56:52.517" endtime="20201119 16:56:52.720"></status>
</kw>
<status status="PASS" starttime="20201119 16:56:52.516" endtime="20201119 16:56:52.720"></status>
</kw>
<kw name="Run Keyword If" library="BuiltIn">
<doc>Runs the given keyword with the given arguments, if ``condition`` is true.</doc>
<arguments>
<arg>'${password}' != 'Blank'</arg>
<arg>Input Login Password</arg>
<arg>${password}</arg>
</arguments>
<kw name="Input Login Password" library="LoginActions">
<arguments>
<arg>${password}</arg>
</arguments>
<kw name="Input Text" library="SeleniumLibrary">
<doc>Types the given ``text`` into the text field identified by ``locator``.</doc>
<arguments>
<arg>${LoginPasswordL}</arg>
<arg>${password}</arg>
</arguments>
<msg timestamp="20201119 16:56:52.724" level="INFO">Typing text 'Screenbeam' into text field 'id=Password'.</msg>
<status status="PASS" starttime="20201119 16:56:52.723" endtime="20201119 16:56:52.943"></status>
</kw>
<status status="PASS" starttime="20201119 16:56:52.722" endtime="20201119 16:56:52.943"></status>
</kw>
<status status="PASS" starttime="20201119 16:56:52.721" endtime="20201119 16:56:52.944"></status>
</kw>
<kw name="Click Login Button" library="LoginActions">
<kw name="Click Button" library="SeleniumLibrary">
<doc>Clicks the button identified by ``locator``.</doc>
<arguments>
<arg>${LoginButtonL}</arg>
</arguments>
<msg timestamp="20201119 16:56:52.947" level="INFO">Clicking button 'id=log-in'.</msg>
<status status="PASS" starttime="20201119 16:56:52.946" endtime="20201119 16:56:53.065"></status>
</kw>
<status status="PASS" starttime="20201119 16:56:52.945" endtime="20201119 16:56:53.066"></status>
</kw>
<kw name="Sleep" library="BuiltIn">
<doc>Pauses the test executed for the given time.</doc>
<arguments>
<arg>2</arg>
</arguments>
<msg timestamp="20201119 16:56:55.068" level="INFO">Slept 2 seconds</msg>
<status status="PASS" starttime="20201119 16:56:53.066" endtime="20201119 16:56:55.068"></status>
</kw>
<status status="PASS" starttime="20201119 16:56:46.191" endtime="20201119 16:56:55.069"></status>
</kw>
<kw name="Sleep" library="BuiltIn">
<doc>Pauses the test executed for the given time.</doc>
<arguments>
<arg>2</arg>
</arguments>
<msg timestamp="20201119 16:56:57.071" level="INFO">Slept 2 seconds</msg>
<status status="PASS" starttime="20201119 16:56:55.069" endtime="20201119 16:56:57.071"></status>
</kw>
<kw name="Page Should Contain Element" library="SeleniumLibrary">
<doc>Verifies that element ``locator`` is found on the current page.</doc>
<arguments>
<arg>${welcomeTextL}</arg>
</arguments>
<msg timestamp="20201119 16:56:57.093" level="INFO">Current page contains element '//p[@class="welcome" and text()="Welcome"]'.</msg>
<status status="PASS" starttime="20201119 16:56:57.072" endtime="20201119 16:56:57.094"></status>
</kw>
<kw name="Page Should Contain Element" library="SeleniumLibrary">
<doc>Verifies that element ``locator`` is found on the current page.</doc>
<arguments>
<arg>${currentUserL}/p[@class="user-label" and text()="${username}"]</arg>
</arguments>
<msg timestamp="20201119 16:56:57.124" level="INFO">Current page contains element '//div[@class="currentUser"]//p[@class="user-label" and text()="Administrator"]'.</msg>
<status status="PASS" starttime="20201119 16:56:57.094" endtime="20201119 16:56:57.125"></status>
</kw>
<kw name="Run Keyword If" library="BuiltIn">
<doc>Runs the given keyword with the given arguments, if ``condition`` is true.</doc>
<arguments>
<arg>'${caseid}' != 'Blank'</arg>
<arg>Log</arg>
<arg>Done case-${caseid}</arg>
</arguments>
<kw name="Log" library="BuiltIn">
<doc>Logs the given message with the given level.</doc>
<arguments>
<arg>Done case-${caseid}</arg>
</arguments>
<msg timestamp="20201119 16:56:57.127" level="INFO">Done case-498</msg>
<status status="PASS" starttime="20201119 16:56:57.126" endtime="20201119 16:56:57.127"></status>
</kw>
<status status="PASS" starttime="20201119 16:56:57.125" endtime="20201119 16:56:57.127"></status>
</kw>
<kw name="Close Browser" library="SeleniumLibrary" type="teardown">
<doc>Closes the current browser.</doc>
<status status="PASS" starttime="20201119 16:56:57.128" endtime="20201119 16:56:59.498"></status>
</kw>
<status status="PASS" starttime="20201119 16:56:46.188" endtime="20201119 16:56:59.498"></status>
</kw>
<kw name="Login Success" library="LoginAssert">
<arguments>
<arg>Administrator</arg>
<arg>Screenbeam</arg>
<arg>9</arg>
</arguments>
<kw name="Run Keyword If" library="BuiltIn">
<doc>Runs the given keyword with the given arguments, if ``condition`` is true.</doc>
<arguments>
<arg>'${caseid}' != 'Blank'</arg>
<arg>Log</arg>
<arg>Running Case -------- ${caseid}</arg>
</arguments>
<kw name="Log" library="BuiltIn">
<doc>Logs the given message with the given level.</doc>
<arguments>
<arg>Running Case -------- ${caseid}</arg>
</arguments>
<msg timestamp="20201119 16:56:59.502" level="INFO">Running Case -------- 9</msg>
<status status="PASS" starttime="20201119 16:56:59.501" endtime="20201119 16:56:59.503"></status>
</kw>
<status status="PASS" starttime="20201119 16:56:59.500" endtime="20201119 16:56:59.503"></status>
</kw>
<kw name="Login" library="LoginModel">
<arguments>
<arg>${username}</arg>
<arg>${password}</arg>
</arguments>
<kw name="Open Url" library="Common">
<kw name="Open Browser" library="SeleniumLibrary">
<doc>Opens a new browser instance to the optional ``url``.</doc>
<arguments>
<arg>${url}</arg>
<arg>${browser}</arg>
<arg>options=add_argument("--disable-popup-blocking"); add_argument("--ignore-certificate-errors")</arg>
</arguments>
<msg timestamp="20201119 16:56:59.506" level="INFO">Opening browser 'chrome' to base url 'https://192.168.1.142:8888/Login'.</msg>
<status status="PASS" starttime="20201119 16:56:59.505" endtime="20201119 16:57:03.711"></status>
</kw>
<kw name="Maximize Browser Window" library="SeleniumLibrary">
<doc>Maximizes current browser window.</doc>
<status status="PASS" starttime="20201119 16:57:03.711" endtime="20201119 16:57:06.164"></status>
</kw>
<status status="PASS" starttime="20201119 16:56:59.504" endtime="20201119 16:57:06.166"></status>
</kw>
<kw name="Run Keyword If" library="BuiltIn">
<doc>Runs the given keyword with the given arguments, if ``condition`` is true.</doc>
<arguments>
<arg>'${username}' != 'Blank'</arg>
<arg>Input Login Username</arg>
<arg>${username}</arg>
</arguments>
<kw name="Input Login Username" library="LoginActions">
<arguments>
<arg>${username}</arg>
</arguments>
<kw name="Input Text" library="SeleniumLibrary">
<doc>Types the given ``text`` into the text field identified by ``locator``.</doc>
<arguments>
<arg>${LoginUsernameL}</arg>
<arg>${username}</arg>
</arguments>
<msg timestamp="20201119 16:57:06.173" level="INFO">Typing text 'Administrator' into text field 'id=login-username'.</msg>
<status status="PASS" starttime="20201119 16:57:06.171" endtime="20201119 16:57:06.438"></status>
</kw>
<status status="PASS" starttime="20201119 16:57:06.170" endtime="20201119 16:57:06.438"></status>
</kw>
<status status="PASS" starttime="20201119 16:57:06.168" endtime="20201119 16:57:06.439"></status>
</kw>
<kw name="Run Keyword If" library="BuiltIn">
<doc>Runs the given keyword with the given arguments, if ``condition`` is true.</doc>
<arguments>
<arg>'${password}' != 'Blank'</arg>
<arg>Input Login Password</arg>
<arg>${password}</arg>
</arguments>
<kw name="Input Login Password" library="LoginActions">
<arguments>
<arg>${password}</arg>
</arguments>
<kw name="Input Text" library="SeleniumLibrary">
<doc>Types the given ``text`` into the text field identified by ``locator``.</doc>
<arguments>
<arg>${LoginPasswordL}</arg>
<arg>${password}</arg>
</arguments>
<msg timestamp="20201119 16:57:06.442" level="INFO">Typing text 'Screenbeam' into text field 'id=Password'.</msg>
<status status="PASS" starttime="20201119 16:57:06.442" endtime="20201119 16:57:06.793"></status>
</kw>
<status status="PASS" starttime="20201119 16:57:06.440" endtime="20201119 16:57:06.793"></status>
</kw>
<status status="PASS" starttime="20201119 16:57:06.439" endtime="20201119 16:57:06.793"></status>
</kw>
<kw name="Click Login Button" library="LoginActions">
<kw name="Click Button" library="SeleniumLibrary">
<doc>Clicks the button identified by ``locator``.</doc>
<arguments>
<arg>${LoginButtonL}</arg>
</arguments>
<msg timestamp="20201119 16:57:06.795" level="INFO">Clicking button 'id=log-in'.</msg>
<status status="PASS" starttime="20201119 16:57:06.795" endtime="20201119 16:57:07.003"></status>
</kw>
<status status="PASS" starttime="20201119 16:57:06.794" endtime="20201119 16:57:07.003"></status>
</kw>
<kw name="Sleep" library="BuiltIn">
<doc>Pauses the test executed for the given time.</doc>
<arguments>
<arg>2</arg>
</arguments>
<msg timestamp="20201119 16:57:09.005" level="INFO">Slept 2 seconds</msg>
<status status="PASS" starttime="20201119 16:57:07.004" endtime="20201119 16:57:09.005"></status>
</kw>
<status status="PASS" starttime="20201119 16:56:59.503" endtime="20201119 16:57:09.006"></status>
</kw>
<kw name="Sleep" library="BuiltIn">
<doc>Pauses the test executed for the given time.</doc>
<arguments>
<arg>2</arg>
</arguments>
<msg timestamp="20201119 16:57:11.009" level="INFO">Slept 2 seconds</msg>
<status status="PASS" starttime="20201119 16:57:09.006" endtime="20201119 16:57:11.009"></status>
</kw>
<kw name="Page Should Contain Element" library="SeleniumLibrary">
<doc>Verifies that element ``locator`` is found on the current page.</doc>
<arguments>
<arg>${welcomeTextL}</arg>
</arguments>
<msg timestamp="20201119 16:57:11.071" level="INFO">Current page contains element '//p[@class="welcome" and text()="Welcome"]'.</msg>
<status status="PASS" starttime="20201119 16:57:11.009" endtime="20201119 16:57:11.072"></status>
</kw>
<kw name="Page Should Contain Element" library="SeleniumLibrary">
<doc>Verifies that element ``locator`` is found on the current page.</doc>
<arguments>
<arg>${currentUserL}/p[@class="user-label" and text()="${username}"]</arg>
</arguments>
<msg timestamp="20201119 16:57:11.165" level="INFO">Current page contains element '//div[@class="currentUser"]//p[@class="user-label" and text()="Administrator"]'.</msg>
<status status="PASS" starttime="20201119 16:57:11.072" endtime="20201119 16:57:11.166"></status>
</kw>
<kw name="Run Keyword If" library="BuiltIn">
<doc>Runs the given keyword with the given arguments, if ``condition`` is true.</doc>
<arguments>
<arg>'${caseid}' != 'Blank'</arg>
<arg>Log</arg>
<arg>Done case-${caseid}</arg>
</arguments>
<kw name="Log" library="BuiltIn">
<doc>Logs the given message with the given level.</doc>
<arguments>
<arg>Done case-${caseid}</arg>
</arguments>
<msg timestamp="20201119 16:57:11.168" level="INFO">Done case-9</msg>
<status status="PASS" starttime="20201119 16:57:11.167" endtime="20201119 16:57:11.168"></status>
</kw>
<status status="PASS" starttime="20201119 16:57:11.166" endtime="20201119 16:57:11.168"></status>
</kw>
<kw name="Close Browser" library="SeleniumLibrary" type="teardown">
<doc>Closes the current browser.</doc>
<status status="PASS" starttime="20201119 16:57:11.169" endtime="20201119 16:57:13.472"></status>
</kw>
<status status="PASS" starttime="20201119 16:56:59.499" endtime="20201119 16:57:13.472"></status>
</kw>
<kw name="No Operation" library="BuiltIn" type="teardown">
<doc>Does absolutely nothing.</doc>
<status status="PASS" starttime="20201119 16:57:13.473" endtime="20201119 16:57:13.474"></status>
</kw>
<status status="PASS" starttime="20201119 16:56:46.186" endtime="20201119 16:57:13.474" critical="yes"></status>
</test>
<status status="PASS" starttime="20201119 16:56:45.763" endtime="20201119 16:57:13.475"></status>
</suite>
<status status="PASS" starttime="20201119 16:56:45.711" endtime="20201119 16:57:13.479"></status>
</suite>
<statistics>
<total>
<stat pass="1" fail="0">Critical Tests</stat>
<stat pass="1" fail="0">All Tests</stat>
</total>
<tag>
</tag>
<suite>
<stat pass="1" fail="0" id="s1" name="CMSv4New20201013">CMSv4New20201013</stat>
<stat pass="1" fail="0" id="s1-s1" name="CMS LoginSuite">CMSv4New20201013.CMS LoginSuite</stat>
</suite>
</statistics>
<errors>
</errors>
</robot>
