<?xml version="1.0" encoding="UTF-8"?>
<robot generator="Robot 3.2.2 (Python 3.7.6 on win32)" generated="20200921 16:20:38.391" rpa="false">
<suite id="s1" name="CMSv4New20200915" source="E:\Chaoqun\AutomationScript\CMSv4New20200915">
<suite id="s1-s1" name="CMS LoginSuite" source="E:\Chaoqun\AutomationScript\CMSv4New20200915\CMS LoginSuite.robot">
<test id="s1-s1-t1" name="Login Fail">
<kw name="Login Fail" library="LoginAssert">
<arguments>
<arg>Blank</arg>
<arg>Blank</arg>
<arg>1</arg>
</arguments>
<kw name="Run Keyword If" library="BuiltIn">
<doc>Runs the given keyword with the given arguments, if ``condition`` is true.</doc>
<arguments>
<arg>'${caseid}' != 'Blank'</arg>
<arg>Log</arg>
<arg>Running Case -------- ${caseid}</arg>
</arguments>
<kw name="Log" library="BuiltIn">
<doc>Logs the given message with the given level.</doc>
<arguments>
<arg>Running Case -------- ${caseid}</arg>
</arguments>
<msg timestamp="20200921 16:20:38.697" level="INFO">Running Case -------- 1</msg>
<status status="PASS" starttime="20200921 16:20:38.697" endtime="20200921 16:20:38.697"></status>
</kw>
<status status="PASS" starttime="20200921 16:20:38.695" endtime="20200921 16:20:38.698"></status>
</kw>
<kw name="Login" library="LoginModel">
<arguments>
<arg>${username}</arg>
<arg>${password}</arg>
</arguments>
<kw name="Open Url" library="Common">
<kw name="Open Browser" library="SeleniumLibrary">
<doc>Opens a new browser instance to the optional ``url``.</doc>
<arguments>
<arg>${url}</arg>
<arg>${browser}</arg>
<arg>options=add_argument("--disable-popup-blocking"); add_argument("--ignore-certificate-errors")</arg>
</arguments>
<msg timestamp="20200921 16:20:38.701" level="INFO">Opening browser 'chrome' to base url 'https://192.168.7.143:8888/Login'.</msg>
<status status="PASS" starttime="20200921 16:20:38.700" endtime="20200921 16:20:43.127"></status>
</kw>
<kw name="Maximize Browser Window" library="SeleniumLibrary">
<doc>Maximizes current browser window.</doc>
<status status="PASS" starttime="20200921 16:20:43.129" endtime="20200921 16:20:45.252"></status>
</kw>
<status status="PASS" starttime="20200921 16:20:38.699" endtime="20200921 16:20:45.253"></status>
</kw>
<kw name="Run Keyword If" library="BuiltIn">
<doc>Runs the given keyword with the given arguments, if ``condition`` is true.</doc>
<arguments>
<arg>'${username}' != 'Blank'</arg>
<arg>Input Login Username</arg>
<arg>${username}</arg>
</arguments>
<status status="PASS" starttime="20200921 16:20:45.253" endtime="20200921 16:20:45.254"></status>
</kw>
<kw name="Run Keyword If" library="BuiltIn">
<doc>Runs the given keyword with the given arguments, if ``condition`` is true.</doc>
<arguments>
<arg>'${password}' != 'Blank'</arg>
<arg>Input Login Password</arg>
<arg>${password}</arg>
</arguments>
<status status="PASS" starttime="20200921 16:20:45.254" endtime="20200921 16:20:45.254"></status>
</kw>
<kw name="Click Login Button" library="LoginActions">
<kw name="Click Button" library="SeleniumLibrary">
<doc>Clicks the button identified by ``locator``.</doc>
<arguments>
<arg>${LoginButtonL}</arg>
</arguments>
<msg timestamp="20200921 16:20:45.255" level="INFO">Clicking button 'id=log-in'.</msg>
<status status="PASS" starttime="20200921 16:20:45.255" endtime="20200921 16:20:45.351"></status>
</kw>
<status status="PASS" starttime="20200921 16:20:45.255" endtime="20200921 16:20:45.352"></status>
</kw>
<kw name="Sleep" library="BuiltIn">
<doc>Pauses the test executed for the given time.</doc>
<arguments>
<arg>2</arg>
</arguments>
<msg timestamp="20200921 16:20:47.355" level="INFO">Slept 2 seconds</msg>
<status status="PASS" starttime="20200921 16:20:45.353" endtime="20200921 16:20:47.356"></status>
</kw>
<status status="PASS" starttime="20200921 16:20:38.698" endtime="20200921 16:20:47.357"></status>
</kw>
<kw name="Sleep" library="BuiltIn">
<doc>Pauses the test executed for the given time.</doc>
<arguments>
<arg>2</arg>
</arguments>
<msg timestamp="20200921 16:20:49.359" level="INFO">Slept 2 seconds</msg>
<status status="PASS" starttime="20200921 16:20:47.358" endtime="20200921 16:20:49.361"></status>
</kw>
<kw name="Comment" library="BuiltIn">
<doc>Displays the given messages in the log file as keyword arguments.</doc>
<arguments>
<arg>Alert Should Be Present</arg>
<arg>text=${message}</arg>
</arguments>
<status status="PASS" starttime="20200921 16:20:49.362" endtime="20200921 16:20:49.363"></status>
</kw>
<kw name="Page Should Contain Element" library="SeleniumLibrary">
<doc>Verifies that element ``locator`` is found on the current page.</doc>
<arguments>
<arg>${AlertL}</arg>
</arguments>
<kw name="Capture Page Screenshot" library="SeleniumLibrary">
<doc>Takes a screenshot of the current page and embeds it into a log file.</doc>
<msg timestamp="20200921 16:20:49.692" level="INFO" html="yes">&lt;/td&gt;&lt;/tr&gt;&lt;tr&gt;&lt;td colspan="3"&gt;&lt;a href="selenium-screenshot-168.png"&gt;&lt;img src="selenium-screenshot-168.png" width="800px"&gt;&lt;/a&gt;</msg>
<status status="PASS" starttime="20200921 16:20:49.408" endtime="20200921 16:20:49.693"></status>
</kw>
<msg timestamp="20200921 16:20:49.738" level="FAIL">Page should have contained element '//span[@class="text-danger" and text()="Incorrect login information"]' but did not.</msg>
<status status="FAIL" starttime="20200921 16:20:49.364" endtime="20200921 16:20:49.738"></status>
</kw>
<kw name="Close Browser" library="SeleniumLibrary" type="teardown">
<doc>Closes the current browser.</doc>
<status status="PASS" starttime="20200921 16:20:49.739" endtime="20200921 16:20:51.852"></status>
</kw>
<status status="FAIL" starttime="20200921 16:20:38.693" endtime="20200921 16:20:51.853"></status>
</kw>
<kw name="Login Fail" library="LoginAssert">
<arguments>
<arg>Blank</arg>
<arg>123456</arg>
<arg>2</arg>
</arguments>
<kw name="Run Keyword If" library="BuiltIn">
<doc>Runs the given keyword with the given arguments, if ``condition`` is true.</doc>
<arguments>
<arg>'${caseid}' != 'Blank'</arg>
<arg>Log</arg>
<arg>Running Case -------- ${caseid}</arg>
</arguments>
<kw name="Log" library="BuiltIn">
<doc>Logs the given message with the given level.</doc>
<arguments>
<arg>Running Case -------- ${caseid}</arg>
</arguments>
<msg timestamp="20200921 16:20:51.859" level="INFO">Running Case -------- 2</msg>
<status status="PASS" starttime="20200921 16:20:51.858" endtime="20200921 16:20:51.860"></status>
</kw>
<status status="PASS" starttime="20200921 16:20:51.856" endtime="20200921 16:20:51.862"></status>
</kw>
<kw name="Login" library="LoginModel">
<arguments>
<arg>${username}</arg>
<arg>${password}</arg>
</arguments>
<kw name="Open Url" library="Common">
<kw name="Open Browser" library="SeleniumLibrary">
<doc>Opens a new browser instance to the optional ``url``.</doc>
<arguments>
<arg>${url}</arg>
<arg>${browser}</arg>
<arg>options=add_argument("--disable-popup-blocking"); add_argument("--ignore-certificate-errors")</arg>
</arguments>
<msg timestamp="20200921 16:20:51.872" level="INFO">Opening browser 'chrome' to base url 'https://192.168.7.143:8888/Login'.</msg>
<status status="PASS" starttime="20200921 16:20:51.870" endtime="20200921 16:20:56.479"></status>
</kw>
<kw name="Maximize Browser Window" library="SeleniumLibrary">
<doc>Maximizes current browser window.</doc>
<status status="PASS" starttime="20200921 16:20:56.480" endtime="20200921 16:20:58.600"></status>
</kw>
<status status="PASS" starttime="20200921 16:20:51.866" endtime="20200921 16:20:58.600"></status>
</kw>
<kw name="Run Keyword If" library="BuiltIn">
<doc>Runs the given keyword with the given arguments, if ``condition`` is true.</doc>
<arguments>
<arg>'${username}' != 'Blank'</arg>
<arg>Input Login Username</arg>
<arg>${username}</arg>
</arguments>
<status status="PASS" starttime="20200921 16:20:58.601" endtime="20200921 16:20:58.601"></status>
</kw>
<kw name="Run Keyword If" library="BuiltIn">
<doc>Runs the given keyword with the given arguments, if ``condition`` is true.</doc>
<arguments>
<arg>'${password}' != 'Blank'</arg>
<arg>Input Login Password</arg>
<arg>${password}</arg>
</arguments>
<kw name="Input Login Password" library="LoginActions">
<arguments>
<arg>${password}</arg>
</arguments>
<kw name="Input Text" library="SeleniumLibrary">
<doc>Types the given ``text`` into the text field identified by ``locator``.</doc>
<arguments>
<arg>${LoginPasswordL}</arg>
<arg>${password}</arg>
</arguments>
<msg timestamp="20200921 16:20:58.604" level="INFO">Typing text '123456' into text field 'id=Password'.</msg>
<status status="PASS" starttime="20200921 16:20:58.603" endtime="20200921 16:20:58.776"></status>
</kw>
<status status="PASS" starttime="20200921 16:20:58.602" endtime="20200921 16:20:58.777"></status>
</kw>
<status status="PASS" starttime="20200921 16:20:58.602" endtime="20200921 16:20:58.777"></status>
</kw>
<kw name="Click Login Button" library="LoginActions">
<kw name="Click Button" library="SeleniumLibrary">
<doc>Clicks the button identified by ``locator``.</doc>
<arguments>
<arg>${LoginButtonL}</arg>
</arguments>
<msg timestamp="20200921 16:20:58.779" level="INFO">Clicking button 'id=log-in'.</msg>
<status status="PASS" starttime="20200921 16:20:58.779" endtime="20200921 16:20:58.875"></status>
</kw>
<status status="PASS" starttime="20200921 16:20:58.778" endtime="20200921 16:20:58.877"></status>
</kw>
<kw name="Sleep" library="BuiltIn">
<doc>Pauses the test executed for the given time.</doc>
<arguments>
<arg>2</arg>
</arguments>
<msg timestamp="20200921 16:21:00.879" level="INFO">Slept 2 seconds</msg>
<status status="PASS" starttime="20200921 16:20:58.878" endtime="20200921 16:21:00.879"></status>
</kw>
<status status="PASS" starttime="20200921 16:20:51.863" endtime="20200921 16:21:00.880"></status>
</kw>
<kw name="Sleep" library="BuiltIn">
<doc>Pauses the test executed for the given time.</doc>
<arguments>
<arg>2</arg>
</arguments>
<msg timestamp="20200921 16:21:02.883" level="INFO">Slept 2 seconds</msg>
<status status="PASS" starttime="20200921 16:21:00.880" endtime="20200921 16:21:02.883"></status>
</kw>
<kw name="Comment" library="BuiltIn">
<doc>Displays the given messages in the log file as keyword arguments.</doc>
<arguments>
<arg>Alert Should Be Present</arg>
<arg>text=${message}</arg>
</arguments>
<status status="PASS" starttime="20200921 16:21:02.883" endtime="20200921 16:21:02.884"></status>
</kw>
<kw name="Page Should Contain Element" library="SeleniumLibrary">
<doc>Verifies that element ``locator`` is found on the current page.</doc>
<arguments>
<arg>${AlertL}</arg>
</arguments>
<kw name="Capture Page Screenshot" library="SeleniumLibrary">
<doc>Takes a screenshot of the current page and embeds it into a log file.</doc>
<msg timestamp="20200921 16:21:03.188" level="INFO" html="yes">&lt;/td&gt;&lt;/tr&gt;&lt;tr&gt;&lt;td colspan="3"&gt;&lt;a href="selenium-screenshot-169.png"&gt;&lt;img src="selenium-screenshot-169.png" width="800px"&gt;&lt;/a&gt;</msg>
<status status="PASS" starttime="20200921 16:21:02.902" endtime="20200921 16:21:03.189"></status>
</kw>
<msg timestamp="20200921 16:21:03.190" level="FAIL">Page should have contained element '//span[@class="text-danger" and text()="Incorrect login information"]' but did not.</msg>
<status status="FAIL" starttime="20200921 16:21:02.884" endtime="20200921 16:21:03.191"></status>
</kw>
<kw name="Close Browser" library="SeleniumLibrary" type="teardown">
<doc>Closes the current browser.</doc>
<status status="PASS" starttime="20200921 16:21:03.194" endtime="20200921 16:21:05.537"></status>
</kw>
<status status="FAIL" starttime="20200921 16:20:51.854" endtime="20200921 16:21:05.537"></status>
</kw>
<kw name="Login Fail" library="LoginAssert">
<arguments>
<arg>Blank</arg>
<arg>Sz!12345</arg>
<arg>3</arg>
</arguments>
<kw name="Run Keyword If" library="BuiltIn">
<doc>Runs the given keyword with the given arguments, if ``condition`` is true.</doc>
<arguments>
<arg>'${caseid}' != 'Blank'</arg>
<arg>Log</arg>
<arg>Running Case -------- ${caseid}</arg>
</arguments>
<kw name="Log" library="BuiltIn">
<doc>Logs the given message with the given level.</doc>
<arguments>
<arg>Running Case -------- ${caseid}</arg>
</arguments>
<msg timestamp="20200921 16:21:05.545" level="INFO">Running Case -------- 3</msg>
<status status="PASS" starttime="20200921 16:21:05.543" endtime="20200921 16:21:05.545"></status>
</kw>
<status status="PASS" starttime="20200921 16:21:05.541" endtime="20200921 16:21:05.546"></status>
</kw>
<kw name="Login" library="LoginModel">
<arguments>
<arg>${username}</arg>
<arg>${password}</arg>
</arguments>
<kw name="Open Url" library="Common">
<kw name="Open Browser" library="SeleniumLibrary">
<doc>Opens a new browser instance to the optional ``url``.</doc>
<arguments>
<arg>${url}</arg>
<arg>${browser}</arg>
<arg>options=add_argument("--disable-popup-blocking"); add_argument("--ignore-certificate-errors")</arg>
</arguments>
<msg timestamp="20200921 16:21:05.554" level="INFO">Opening browser 'chrome' to base url 'https://192.168.7.143:8888/Login'.</msg>
<status status="PASS" starttime="20200921 16:21:05.553" endtime="20200921 16:21:09.445"></status>
</kw>
<kw name="Maximize Browser Window" library="SeleniumLibrary">
<doc>Maximizes current browser window.</doc>
<status status="PASS" starttime="20200921 16:21:09.446" endtime="20200921 16:21:11.564"></status>
</kw>
<status status="PASS" starttime="20200921 16:21:05.550" endtime="20200921 16:21:11.565"></status>
</kw>
<kw name="Run Keyword If" library="BuiltIn">
<doc>Runs the given keyword with the given arguments, if ``condition`` is true.</doc>
<arguments>
<arg>'${username}' != 'Blank'</arg>
<arg>Input Login Username</arg>
<arg>${username}</arg>
</arguments>
<status status="PASS" starttime="20200921 16:21:11.565" endtime="20200921 16:21:11.566"></status>
</kw>
<kw name="Run Keyword If" library="BuiltIn">
<doc>Runs the given keyword with the given arguments, if ``condition`` is true.</doc>
<arguments>
<arg>'${password}' != 'Blank'</arg>
<arg>Input Login Password</arg>
<arg>${password}</arg>
</arguments>
<kw name="Input Login Password" library="LoginActions">
<arguments>
<arg>${password}</arg>
</arguments>
<kw name="Input Text" library="SeleniumLibrary">
<doc>Types the given ``text`` into the text field identified by ``locator``.</doc>
<arguments>
<arg>${LoginPasswordL}</arg>
<arg>${password}</arg>
</arguments>
<msg timestamp="20200921 16:21:11.567" level="INFO">Typing text 'Sz!12345' into text field 'id=Password'.</msg>
<status status="PASS" starttime="20200921 16:21:11.567" endtime="20200921 16:21:11.759"></status>
</kw>
<status status="PASS" starttime="20200921 16:21:11.566" endtime="20200921 16:21:11.759"></status>
</kw>
<status status="PASS" starttime="20200921 16:21:11.566" endtime="20200921 16:21:11.760"></status>
</kw>
<kw name="Click Login Button" library="LoginActions">
<kw name="Click Button" library="SeleniumLibrary">
<doc>Clicks the button identified by ``locator``.</doc>
<arguments>
<arg>${LoginButtonL}</arg>
</arguments>
<msg timestamp="20200921 16:21:11.762" level="INFO">Clicking button 'id=log-in'.</msg>
<status status="PASS" starttime="20200921 16:21:11.761" endtime="20200921 16:21:11.848"></status>
</kw>
<status status="PASS" starttime="20200921 16:21:11.760" endtime="20200921 16:21:11.849"></status>
</kw>
<kw name="Sleep" library="BuiltIn">
<doc>Pauses the test executed for the given time.</doc>
<arguments>
<arg>2</arg>
</arguments>
<msg timestamp="20200921 16:21:13.851" level="INFO">Slept 2 seconds</msg>
<status status="PASS" starttime="20200921 16:21:11.850" endtime="20200921 16:21:13.852"></status>
</kw>
<status status="PASS" starttime="20200921 16:21:05.547" endtime="20200921 16:21:13.853"></status>
</kw>
<kw name="Sleep" library="BuiltIn">
<doc>Pauses the test executed for the given time.</doc>
<arguments>
<arg>2</arg>
</arguments>
<msg timestamp="20200921 16:21:15.856" level="INFO">Slept 2 seconds</msg>
<status status="PASS" starttime="20200921 16:21:13.854" endtime="20200921 16:21:15.857"></status>
</kw>
<kw name="Comment" library="BuiltIn">
<doc>Displays the given messages in the log file as keyword arguments.</doc>
<arguments>
<arg>Alert Should Be Present</arg>
<arg>text=${message}</arg>
</arguments>
<status status="PASS" starttime="20200921 16:21:15.858" endtime="20200921 16:21:15.861"></status>
</kw>
<kw name="Page Should Contain Element" library="SeleniumLibrary">
<doc>Verifies that element ``locator`` is found on the current page.</doc>
<arguments>
<arg>${AlertL}</arg>
</arguments>
<kw name="Capture Page Screenshot" library="SeleniumLibrary">
<doc>Takes a screenshot of the current page and embeds it into a log file.</doc>
<msg timestamp="20200921 16:21:16.208" level="INFO" html="yes">&lt;/td&gt;&lt;/tr&gt;&lt;tr&gt;&lt;td colspan="3"&gt;&lt;a href="selenium-screenshot-170.png"&gt;&lt;img src="selenium-screenshot-170.png" width="800px"&gt;&lt;/a&gt;</msg>
<status status="PASS" starttime="20200921 16:21:15.907" endtime="20200921 16:21:16.209"></status>
</kw>
<msg timestamp="20200921 16:21:16.210" level="FAIL">Page should have contained element '//span[@class="text-danger" and text()="Incorrect login information"]' but did not.</msg>
<status status="FAIL" starttime="20200921 16:21:15.862" endtime="20200921 16:21:16.210"></status>
</kw>
<kw name="Close Browser" library="SeleniumLibrary" type="teardown">
<doc>Closes the current browser.</doc>
<status status="PASS" starttime="20200921 16:21:16.211" endtime="20200921 16:21:18.381"></status>
</kw>
<status status="FAIL" starttime="20200921 16:21:05.538" endtime="20200921 16:21:18.382"></status>
</kw>
<kw name="Login Fail" library="LoginAssert">
<arguments>
<arg>Admin</arg>
<arg>Blank</arg>
<arg>4</arg>
</arguments>
<kw name="Run Keyword If" library="BuiltIn">
<doc>Runs the given keyword with the given arguments, if ``condition`` is true.</doc>
<arguments>
<arg>'${caseid}' != 'Blank'</arg>
<arg>Log</arg>
<arg>Running Case -------- ${caseid}</arg>
</arguments>
<kw name="Log" library="BuiltIn">
<doc>Logs the given message with the given level.</doc>
<arguments>
<arg>Running Case -------- ${caseid}</arg>
</arguments>
<msg timestamp="20200921 16:21:18.393" level="INFO">Running Case -------- 4</msg>
<status status="PASS" starttime="20200921 16:21:18.390" endtime="20200921 16:21:18.394"></status>
</kw>
<status status="PASS" starttime="20200921 16:21:18.387" endtime="20200921 16:21:18.395"></status>
</kw>
<kw name="Login" library="LoginModel">
<arguments>
<arg>${username}</arg>
<arg>${password}</arg>
</arguments>
<kw name="Open Url" library="Common">
<kw name="Open Browser" library="SeleniumLibrary">
<doc>Opens a new browser instance to the optional ``url``.</doc>
<arguments>
<arg>${url}</arg>
<arg>${browser}</arg>
<arg>options=add_argument("--disable-popup-blocking"); add_argument("--ignore-certificate-errors")</arg>
</arguments>
<msg timestamp="20200921 16:21:18.400" level="INFO">Opening browser 'chrome' to base url 'https://192.168.7.143:8888/Login'.</msg>
<status status="PASS" starttime="20200921 16:21:18.399" endtime="20200921 16:21:23.539"></status>
</kw>
<kw name="Maximize Browser Window" library="SeleniumLibrary">
<doc>Maximizes current browser window.</doc>
<status status="PASS" starttime="20200921 16:21:23.540" endtime="20200921 16:21:25.672"></status>
</kw>
<status status="PASS" starttime="20200921 16:21:18.397" endtime="20200921 16:21:25.674"></status>
</kw>
<kw name="Run Keyword If" library="BuiltIn">
<doc>Runs the given keyword with the given arguments, if ``condition`` is true.</doc>
<arguments>
<arg>'${username}' != 'Blank'</arg>
<arg>Input Login Username</arg>
<arg>${username}</arg>
</arguments>
<kw name="Input Login Username" library="LoginActions">
<arguments>
<arg>${username}</arg>
</arguments>
<kw name="Input Text" library="SeleniumLibrary">
<doc>Types the given ``text`` into the text field identified by ``locator``.</doc>
<arguments>
<arg>${LoginUsernameL}</arg>
<arg>${username}</arg>
</arguments>
<msg timestamp="20200921 16:21:25.679" level="INFO">Typing text 'Admin' into text field 'id=login-username'.</msg>
<status status="PASS" starttime="20200921 16:21:25.678" endtime="20200921 16:21:25.825"></status>
</kw>
<status status="PASS" starttime="20200921 16:21:25.677" endtime="20200921 16:21:25.826"></status>
</kw>
<status status="PASS" starttime="20200921 16:21:25.674" endtime="20200921 16:21:25.826"></status>
</kw>
<kw name="Run Keyword If" library="BuiltIn">
<doc>Runs the given keyword with the given arguments, if ``condition`` is true.</doc>
<arguments>
<arg>'${password}' != 'Blank'</arg>
<arg>Input Login Password</arg>
<arg>${password}</arg>
</arguments>
<status status="PASS" starttime="20200921 16:21:25.827" endtime="20200921 16:21:25.828"></status>
</kw>
<kw name="Click Login Button" library="LoginActions">
<kw name="Click Button" library="SeleniumLibrary">
<doc>Clicks the button identified by ``locator``.</doc>
<arguments>
<arg>${LoginButtonL}</arg>
</arguments>
<msg timestamp="20200921 16:21:25.829" level="INFO">Clicking button 'id=log-in'.</msg>
<status status="PASS" starttime="20200921 16:21:25.829" endtime="20200921 16:21:25.914"></status>
</kw>
<status status="PASS" starttime="20200921 16:21:25.828" endtime="20200921 16:21:25.915"></status>
</kw>
<kw name="Sleep" library="BuiltIn">
<doc>Pauses the test executed for the given time.</doc>
<arguments>
<arg>2</arg>
</arguments>
<msg timestamp="20200921 16:21:27.917" level="INFO">Slept 2 seconds</msg>
<status status="PASS" starttime="20200921 16:21:25.916" endtime="20200921 16:21:27.918"></status>
</kw>
<status status="PASS" starttime="20200921 16:21:18.395" endtime="20200921 16:21:27.919"></status>
</kw>
<kw name="Sleep" library="BuiltIn">
<doc>Pauses the test executed for the given time.</doc>
<arguments>
<arg>2</arg>
</arguments>
<msg timestamp="20200921 16:21:29.922" level="INFO">Slept 2 seconds</msg>
<status status="PASS" starttime="20200921 16:21:27.920" endtime="20200921 16:21:29.922"></status>
</kw>
<kw name="Comment" library="BuiltIn">
<doc>Displays the given messages in the log file as keyword arguments.</doc>
<arguments>
<arg>Alert Should Be Present</arg>
<arg>text=${message}</arg>
</arguments>
<status status="PASS" starttime="20200921 16:21:29.924" endtime="20200921 16:21:29.924"></status>
</kw>
<kw name="Page Should Contain Element" library="SeleniumLibrary">
<doc>Verifies that element ``locator`` is found on the current page.</doc>
<arguments>
<arg>${AlertL}</arg>
</arguments>
<msg timestamp="20200921 16:21:29.964" level="INFO">Current page contains element '//span[@class="text-danger" and text()="Incorrect login information"]'.</msg>
<status status="PASS" starttime="20200921 16:21:29.925" endtime="20200921 16:21:29.964"></status>
</kw>
<kw name="Sleep" library="BuiltIn">
<doc>Pauses the test executed for the given time.</doc>
<arguments>
<arg>2</arg>
</arguments>
<msg timestamp="20200921 16:21:31.967" level="INFO">Slept 2 seconds</msg>
<status status="PASS" starttime="20200921 16:21:29.965" endtime="20200921 16:21:31.967"></status>
</kw>
<kw name="Run Keyword If" library="BuiltIn">
<doc>Runs the given keyword with the given arguments, if ``condition`` is true.</doc>
<arguments>
<arg>'${caseid}' != 'Blank'</arg>
<arg>Log</arg>
<arg>Done Case -------- ${caseid}</arg>
</arguments>
<kw name="Log" library="BuiltIn">
<doc>Logs the given message with the given level.</doc>
<arguments>
<arg>Done Case -------- ${caseid}</arg>
</arguments>
<msg timestamp="20200921 16:21:31.970" level="INFO">Done Case -------- 4</msg>
<status status="PASS" starttime="20200921 16:21:31.969" endtime="20200921 16:21:31.970"></status>
</kw>
<status status="PASS" starttime="20200921 16:21:31.968" endtime="20200921 16:21:31.971"></status>
</kw>
<kw name="Close Browser" library="SeleniumLibrary" type="teardown">
<doc>Closes the current browser.</doc>
<status status="PASS" starttime="20200921 16:21:31.971" endtime="20200921 16:21:34.116"></status>
</kw>
<status status="PASS" starttime="20200921 16:21:18.384" endtime="20200921 16:21:34.116"></status>
</kw>
<kw name="Login Fail" library="LoginAssert">
<arguments>
<arg>Admin</arg>
<arg>Admin</arg>
<arg>5</arg>
</arguments>
<kw name="Run Keyword If" library="BuiltIn">
<doc>Runs the given keyword with the given arguments, if ``condition`` is true.</doc>
<arguments>
<arg>'${caseid}' != 'Blank'</arg>
<arg>Log</arg>
<arg>Running Case -------- ${caseid}</arg>
</arguments>
<kw name="Log" library="BuiltIn">
<doc>Logs the given message with the given level.</doc>
<arguments>
<arg>Running Case -------- ${caseid}</arg>
</arguments>
<msg timestamp="20200921 16:21:34.123" level="INFO">Running Case -------- 5</msg>
<status status="PASS" starttime="20200921 16:21:34.121" endtime="20200921 16:21:34.124"></status>
</kw>
<status status="PASS" starttime="20200921 16:21:34.120" endtime="20200921 16:21:34.125"></status>
</kw>
<kw name="Login" library="LoginModel">
<arguments>
<arg>${username}</arg>
<arg>${password}</arg>
</arguments>
<kw name="Open Url" library="Common">
<kw name="Open Browser" library="SeleniumLibrary">
<doc>Opens a new browser instance to the optional ``url``.</doc>
<arguments>
<arg>${url}</arg>
<arg>${browser}</arg>
<arg>options=add_argument("--disable-popup-blocking"); add_argument("--ignore-certificate-errors")</arg>
</arguments>
<msg timestamp="20200921 16:21:34.134" level="INFO">Opening browser 'chrome' to base url 'https://192.168.7.143:8888/Login'.</msg>
<status status="PASS" starttime="20200921 16:21:34.132" endtime="20200921 16:21:38.559"></status>
</kw>
<kw name="Maximize Browser Window" library="SeleniumLibrary">
<doc>Maximizes current browser window.</doc>
<status status="PASS" starttime="20200921 16:21:38.560" endtime="20200921 16:21:40.688"></status>
</kw>
<status status="PASS" starttime="20200921 16:21:34.129" endtime="20200921 16:21:40.689"></status>
</kw>
<kw name="Run Keyword If" library="BuiltIn">
<doc>Runs the given keyword with the given arguments, if ``condition`` is true.</doc>
<arguments>
<arg>'${username}' != 'Blank'</arg>
<arg>Input Login Username</arg>
<arg>${username}</arg>
</arguments>
<kw name="Input Login Username" library="LoginActions">
<arguments>
<arg>${username}</arg>
</arguments>
<kw name="Input Text" library="SeleniumLibrary">
<doc>Types the given ``text`` into the text field identified by ``locator``.</doc>
<arguments>
<arg>${LoginUsernameL}</arg>
<arg>${username}</arg>
</arguments>
<msg timestamp="20200921 16:21:40.694" level="INFO">Typing text 'Admin' into text field 'id=login-username'.</msg>
<status status="PASS" starttime="20200921 16:21:40.694" endtime="20200921 16:21:40.832"></status>
</kw>
<status status="PASS" starttime="20200921 16:21:40.692" endtime="20200921 16:21:40.832"></status>
</kw>
<status status="PASS" starttime="20200921 16:21:40.689" endtime="20200921 16:21:40.833"></status>
</kw>
<kw name="Run Keyword If" library="BuiltIn">
<doc>Runs the given keyword with the given arguments, if ``condition`` is true.</doc>
<arguments>
<arg>'${password}' != 'Blank'</arg>
<arg>Input Login Password</arg>
<arg>${password}</arg>
</arguments>
<kw name="Input Login Password" library="LoginActions">
<arguments>
<arg>${password}</arg>
</arguments>
<kw name="Input Text" library="SeleniumLibrary">
<doc>Types the given ``text`` into the text field identified by ``locator``.</doc>
<arguments>
<arg>${LoginPasswordL}</arg>
<arg>${password}</arg>
</arguments>
<msg timestamp="20200921 16:21:40.836" level="INFO">Typing text 'Admin' into text field 'id=Password'.</msg>
<status status="PASS" starttime="20200921 16:21:40.835" endtime="20200921 16:21:40.958"></status>
</kw>
<status status="PASS" starttime="20200921 16:21:40.834" endtime="20200921 16:21:40.959"></status>
</kw>
<status status="PASS" starttime="20200921 16:21:40.833" endtime="20200921 16:21:40.959"></status>
</kw>
<kw name="Click Login Button" library="LoginActions">
<kw name="Click Button" library="SeleniumLibrary">
<doc>Clicks the button identified by ``locator``.</doc>
<arguments>
<arg>${LoginButtonL}</arg>
</arguments>
<msg timestamp="20200921 16:21:40.961" level="INFO">Clicking button 'id=log-in'.</msg>
<status status="PASS" starttime="20200921 16:21:40.960" endtime="20200921 16:21:41.040"></status>
</kw>
<status status="PASS" starttime="20200921 16:21:40.960" endtime="20200921 16:21:41.041"></status>
</kw>
<kw name="Sleep" library="BuiltIn">
<doc>Pauses the test executed for the given time.</doc>
<arguments>
<arg>2</arg>
</arguments>
<msg timestamp="20200921 16:21:43.044" level="INFO">Slept 2 seconds</msg>
<status status="PASS" starttime="20200921 16:21:41.041" endtime="20200921 16:21:43.045"></status>
</kw>
<status status="PASS" starttime="20200921 16:21:34.127" endtime="20200921 16:21:43.046"></status>
</kw>
<kw name="Sleep" library="BuiltIn">
<doc>Pauses the test executed for the given time.</doc>
<arguments>
<arg>2</arg>
</arguments>
<msg timestamp="20200921 16:21:45.048" level="INFO">Slept 2 seconds</msg>
<status status="PASS" starttime="20200921 16:21:43.047" endtime="20200921 16:21:45.048"></status>
</kw>
<kw name="Comment" library="BuiltIn">
<doc>Displays the given messages in the log file as keyword arguments.</doc>
<arguments>
<arg>Alert Should Be Present</arg>
<arg>text=${message}</arg>
</arguments>
<status status="PASS" starttime="20200921 16:21:45.049" endtime="20200921 16:21:45.049"></status>
</kw>
<kw name="Page Should Contain Element" library="SeleniumLibrary">
<doc>Verifies that element ``locator`` is found on the current page.</doc>
<arguments>
<arg>${AlertL}</arg>
</arguments>
<msg timestamp="20200921 16:21:45.075" level="INFO">Current page contains element '//span[@class="text-danger" and text()="Incorrect login information"]'.</msg>
<status status="PASS" starttime="20200921 16:21:45.050" endtime="20200921 16:21:45.075"></status>
</kw>
<kw name="Sleep" library="BuiltIn">
<doc>Pauses the test executed for the given time.</doc>
<arguments>
<arg>2</arg>
</arguments>
<msg timestamp="20200921 16:21:47.077" level="INFO">Slept 2 seconds</msg>
<status status="PASS" starttime="20200921 16:21:45.076" endtime="20200921 16:21:47.077"></status>
</kw>
<kw name="Run Keyword If" library="BuiltIn">
<doc>Runs the given keyword with the given arguments, if ``condition`` is true.</doc>
<arguments>
<arg>'${caseid}' != 'Blank'</arg>
<arg>Log</arg>
<arg>Done Case -------- ${caseid}</arg>
</arguments>
<kw name="Log" library="BuiltIn">
<doc>Logs the given message with the given level.</doc>
<arguments>
<arg>Done Case -------- ${caseid}</arg>
</arguments>
<msg timestamp="20200921 16:21:47.079" level="INFO">Done Case -------- 5</msg>
<status status="PASS" starttime="20200921 16:21:47.078" endtime="20200921 16:21:47.079"></status>
</kw>
<status status="PASS" starttime="20200921 16:21:47.078" endtime="20200921 16:21:47.080"></status>
</kw>
<kw name="Close Browser" library="SeleniumLibrary" type="teardown">
<doc>Closes the current browser.</doc>
<status status="PASS" starttime="20200921 16:21:47.081" endtime="20200921 16:21:49.212"></status>
</kw>
<status status="PASS" starttime="20200921 16:21:34.117" endtime="20200921 16:21:49.213"></status>
</kw>
<kw name="Login Fail" library="LoginAssert">
<arguments>
<arg>Admin</arg>
<arg>Sz!12345</arg>
<arg>6</arg>
</arguments>
<kw name="Run Keyword If" library="BuiltIn">
<doc>Runs the given keyword with the given arguments, if ``condition`` is true.</doc>
<arguments>
<arg>'${caseid}' != 'Blank'</arg>
<arg>Log</arg>
<arg>Running Case -------- ${caseid}</arg>
</arguments>
<kw name="Log" library="BuiltIn">
<doc>Logs the given message with the given level.</doc>
<arguments>
<arg>Running Case -------- ${caseid}</arg>
</arguments>
<msg timestamp="20200921 16:21:49.217" level="INFO">Running Case -------- 6</msg>
<status status="PASS" starttime="20200921 16:21:49.216" endtime="20200921 16:21:49.217"></status>
</kw>
<status status="PASS" starttime="20200921 16:21:49.215" endtime="20200921 16:21:49.218"></status>
</kw>
<kw name="Login" library="LoginModel">
<arguments>
<arg>${username}</arg>
<arg>${password}</arg>
</arguments>
<kw name="Open Url" library="Common">
<kw name="Open Browser" library="SeleniumLibrary">
<doc>Opens a new browser instance to the optional ``url``.</doc>
<arguments>
<arg>${url}</arg>
<arg>${browser}</arg>
<arg>options=add_argument("--disable-popup-blocking"); add_argument("--ignore-certificate-errors")</arg>
</arguments>
<msg timestamp="20200921 16:21:49.223" level="INFO">Opening browser 'chrome' to base url 'https://192.168.7.143:8888/Login'.</msg>
<status status="PASS" starttime="20200921 16:21:49.221" endtime="20200921 16:21:53.393"></status>
</kw>
<kw name="Maximize Browser Window" library="SeleniumLibrary">
<doc>Maximizes current browser window.</doc>
<status status="PASS" starttime="20200921 16:21:53.394" endtime="20200921 16:21:55.509"></status>
</kw>
<status status="PASS" starttime="20200921 16:21:49.220" endtime="20200921 16:21:55.509"></status>
</kw>
<kw name="Run Keyword If" library="BuiltIn">
<doc>Runs the given keyword with the given arguments, if ``condition`` is true.</doc>
<arguments>
<arg>'${username}' != 'Blank'</arg>
<arg>Input Login Username</arg>
<arg>${username}</arg>
</arguments>
<kw name="Input Login Username" library="LoginActions">
<arguments>
<arg>${username}</arg>
</arguments>
<kw name="Input Text" library="SeleniumLibrary">
<doc>Types the given ``text`` into the text field identified by ``locator``.</doc>
<arguments>
<arg>${LoginUsernameL}</arg>
<arg>${username}</arg>
</arguments>
<msg timestamp="20200921 16:21:55.511" level="INFO">Typing text 'Admin' into text field 'id=login-username'.</msg>
<status status="PASS" starttime="20200921 16:21:55.510" endtime="20200921 16:21:55.649"></status>
</kw>
<status status="PASS" starttime="20200921 16:21:55.510" endtime="20200921 16:21:55.649"></status>
</kw>
<status status="PASS" starttime="20200921 16:21:55.509" endtime="20200921 16:21:55.649"></status>
</kw>
<kw name="Run Keyword If" library="BuiltIn">
<doc>Runs the given keyword with the given arguments, if ``condition`` is true.</doc>
<arguments>
<arg>'${password}' != 'Blank'</arg>
<arg>Input Login Password</arg>
<arg>${password}</arg>
</arguments>
<kw name="Input Login Password" library="LoginActions">
<arguments>
<arg>${password}</arg>
</arguments>
<kw name="Input Text" library="SeleniumLibrary">
<doc>Types the given ``text`` into the text field identified by ``locator``.</doc>
<arguments>
<arg>${LoginPasswordL}</arg>
<arg>${password}</arg>
</arguments>
<msg timestamp="20200921 16:21:55.651" level="INFO">Typing text 'Sz!12345' into text field 'id=Password'.</msg>
<status status="PASS" starttime="20200921 16:21:55.650" endtime="20200921 16:21:55.767"></status>
</kw>
<status status="PASS" starttime="20200921 16:21:55.650" endtime="20200921 16:21:55.767"></status>
</kw>
<status status="PASS" starttime="20200921 16:21:55.649" endtime="20200921 16:21:55.767"></status>
</kw>
<kw name="Click Login Button" library="LoginActions">
<kw name="Click Button" library="SeleniumLibrary">
<doc>Clicks the button identified by ``locator``.</doc>
<arguments>
<arg>${LoginButtonL}</arg>
</arguments>
<msg timestamp="20200921 16:21:55.769" level="INFO">Clicking button 'id=log-in'.</msg>
<status status="PASS" starttime="20200921 16:21:55.768" endtime="20200921 16:21:55.838"></status>
</kw>
<status status="PASS" starttime="20200921 16:21:55.768" endtime="20200921 16:21:55.838"></status>
</kw>
<kw name="Sleep" library="BuiltIn">
<doc>Pauses the test executed for the given time.</doc>
<arguments>
<arg>2</arg>
</arguments>
<msg timestamp="20200921 16:21:57.841" level="INFO">Slept 2 seconds</msg>
<status status="PASS" starttime="20200921 16:21:55.839" endtime="20200921 16:21:57.841"></status>
</kw>
<status status="PASS" starttime="20200921 16:21:49.218" endtime="20200921 16:21:57.842"></status>
</kw>
<kw name="Sleep" library="BuiltIn">
<doc>Pauses the test executed for the given time.</doc>
<arguments>
<arg>2</arg>
</arguments>
<msg timestamp="20200921 16:21:59.844" level="INFO">Slept 2 seconds</msg>
<status status="PASS" starttime="20200921 16:21:57.842" endtime="20200921 16:21:59.844"></status>
</kw>
<kw name="Comment" library="BuiltIn">
<doc>Displays the given messages in the log file as keyword arguments.</doc>
<arguments>
<arg>Alert Should Be Present</arg>
<arg>text=${message}</arg>
</arguments>
<status status="PASS" starttime="20200921 16:21:59.844" endtime="20200921 16:21:59.845"></status>
</kw>
<kw name="Page Should Contain Element" library="SeleniumLibrary">
<doc>Verifies that element ``locator`` is found on the current page.</doc>
<arguments>
<arg>${AlertL}</arg>
</arguments>
<msg timestamp="20200921 16:21:59.857" level="INFO">Current page contains element '//span[@class="text-danger" and text()="Incorrect login information"]'.</msg>
<status status="PASS" starttime="20200921 16:21:59.845" endtime="20200921 16:21:59.858"></status>
</kw>
<kw name="Sleep" library="BuiltIn">
<doc>Pauses the test executed for the given time.</doc>
<arguments>
<arg>2</arg>
</arguments>
<msg timestamp="20200921 16:22:01.859" level="INFO">Slept 2 seconds</msg>
<status status="PASS" starttime="20200921 16:21:59.858" endtime="20200921 16:22:01.859"></status>
</kw>
<kw name="Run Keyword If" library="BuiltIn">
<doc>Runs the given keyword with the given arguments, if ``condition`` is true.</doc>
<arguments>
<arg>'${caseid}' != 'Blank'</arg>
<arg>Log</arg>
<arg>Done Case -------- ${caseid}</arg>
</arguments>
<kw name="Log" library="BuiltIn">
<doc>Logs the given message with the given level.</doc>
<arguments>
<arg>Done Case -------- ${caseid}</arg>
</arguments>
<msg timestamp="20200921 16:22:01.862" level="INFO">Done Case -------- 6</msg>
<status status="PASS" starttime="20200921 16:22:01.861" endtime="20200921 16:22:01.862"></status>
</kw>
<status status="PASS" starttime="20200921 16:22:01.860" endtime="20200921 16:22:01.862"></status>
</kw>
<kw name="Close Browser" library="SeleniumLibrary" type="teardown">
<doc>Closes the current browser.</doc>
<status status="PASS" starttime="20200921 16:22:01.863" endtime="20200921 16:22:04.027"></status>
</kw>
<status status="PASS" starttime="20200921 16:21:49.213" endtime="20200921 16:22:04.028"></status>
</kw>
<kw name="Login Fail" library="LoginAssert">
<arguments>
<arg>Administrator</arg>
<arg>Blank</arg>
<arg>7</arg>
</arguments>
<kw name="Run Keyword If" library="BuiltIn">
<doc>Runs the given keyword with the given arguments, if ``condition`` is true.</doc>
<arguments>
<arg>'${caseid}' != 'Blank'</arg>
<arg>Log</arg>
<arg>Running Case -------- ${caseid}</arg>
</arguments>
<kw name="Log" library="BuiltIn">
<doc>Logs the given message with the given level.</doc>
<arguments>
<arg>Running Case -------- ${caseid}</arg>
</arguments>
<msg timestamp="20200921 16:22:04.031" level="INFO">Running Case -------- 7</msg>
<status status="PASS" starttime="20200921 16:22:04.030" endtime="20200921 16:22:04.032"></status>
</kw>
<status status="PASS" starttime="20200921 16:22:04.029" endtime="20200921 16:22:04.032"></status>
</kw>
<kw name="Login" library="LoginModel">
<arguments>
<arg>${username}</arg>
<arg>${password}</arg>
</arguments>
<kw name="Open Url" library="Common">
<kw name="Open Browser" library="SeleniumLibrary">
<doc>Opens a new browser instance to the optional ``url``.</doc>
<arguments>
<arg>${url}</arg>
<arg>${browser}</arg>
<arg>options=add_argument("--disable-popup-blocking"); add_argument("--ignore-certificate-errors")</arg>
</arguments>
<msg timestamp="20200921 16:22:04.036" level="INFO">Opening browser 'chrome' to base url 'https://192.168.7.143:8888/Login'.</msg>
<status status="PASS" starttime="20200921 16:22:04.035" endtime="20200921 16:22:08.485"></status>
</kw>
<kw name="Maximize Browser Window" library="SeleniumLibrary">
<doc>Maximizes current browser window.</doc>
<status status="PASS" starttime="20200921 16:22:08.486" endtime="20200921 16:22:10.647"></status>
</kw>
<status status="PASS" starttime="20200921 16:22:04.034" endtime="20200921 16:22:10.647"></status>
</kw>
<kw name="Run Keyword If" library="BuiltIn">
<doc>Runs the given keyword with the given arguments, if ``condition`` is true.</doc>
<arguments>
<arg>'${username}' != 'Blank'</arg>
<arg>Input Login Username</arg>
<arg>${username}</arg>
</arguments>
<kw name="Input Login Username" library="LoginActions">
<arguments>
<arg>${username}</arg>
</arguments>
<kw name="Input Text" library="SeleniumLibrary">
<doc>Types the given ``text`` into the text field identified by ``locator``.</doc>
<arguments>
<arg>${LoginUsernameL}</arg>
<arg>${username}</arg>
</arguments>
<msg timestamp="20200921 16:22:10.649" level="INFO">Typing text 'Administrator' into text field 'id=login-username'.</msg>
<status status="PASS" starttime="20200921 16:22:10.649" endtime="20200921 16:22:10.800"></status>
</kw>
<status status="PASS" starttime="20200921 16:22:10.648" endtime="20200921 16:22:10.801"></status>
</kw>
<status status="PASS" starttime="20200921 16:22:10.648" endtime="20200921 16:22:10.801"></status>
</kw>
<kw name="Run Keyword If" library="BuiltIn">
<doc>Runs the given keyword with the given arguments, if ``condition`` is true.</doc>
<arguments>
<arg>'${password}' != 'Blank'</arg>
<arg>Input Login Password</arg>
<arg>${password}</arg>
</arguments>
<status status="PASS" starttime="20200921 16:22:10.802" endtime="20200921 16:22:10.802"></status>
</kw>
<kw name="Click Login Button" library="LoginActions">
<kw name="Click Button" library="SeleniumLibrary">
<doc>Clicks the button identified by ``locator``.</doc>
<arguments>
<arg>${LoginButtonL}</arg>
</arguments>
<msg timestamp="20200921 16:22:10.805" level="INFO">Clicking button 'id=log-in'.</msg>
<status status="PASS" starttime="20200921 16:22:10.804" endtime="20200921 16:22:10.876"></status>
</kw>
<status status="PASS" starttime="20200921 16:22:10.803" endtime="20200921 16:22:10.877"></status>
</kw>
<kw name="Sleep" library="BuiltIn">
<doc>Pauses the test executed for the given time.</doc>
<arguments>
<arg>2</arg>
</arguments>
<msg timestamp="20200921 16:22:12.881" level="INFO">Slept 2 seconds</msg>
<status status="PASS" starttime="20200921 16:22:10.878" endtime="20200921 16:22:12.881"></status>
</kw>
<status status="PASS" starttime="20200921 16:22:04.033" endtime="20200921 16:22:12.881"></status>
</kw>
<kw name="Sleep" library="BuiltIn">
<doc>Pauses the test executed for the given time.</doc>
<arguments>
<arg>2</arg>
</arguments>
<msg timestamp="20200921 16:22:14.883" level="INFO">Slept 2 seconds</msg>
<status status="PASS" starttime="20200921 16:22:12.882" endtime="20200921 16:22:14.883"></status>
</kw>
<kw name="Comment" library="BuiltIn">
<doc>Displays the given messages in the log file as keyword arguments.</doc>
<arguments>
<arg>Alert Should Be Present</arg>
<arg>text=${message}</arg>
</arguments>
<status status="PASS" starttime="20200921 16:22:14.883" endtime="20200921 16:22:14.884"></status>
</kw>
<kw name="Page Should Contain Element" library="SeleniumLibrary">
<doc>Verifies that element ``locator`` is found on the current page.</doc>
<arguments>
<arg>${AlertL}</arg>
</arguments>
<kw name="Capture Page Screenshot" library="SeleniumLibrary">
<doc>Takes a screenshot of the current page and embeds it into a log file.</doc>
<msg timestamp="20200921 16:22:15.172" level="INFO" html="yes">&lt;/td&gt;&lt;/tr&gt;&lt;tr&gt;&lt;td colspan="3"&gt;&lt;a href="selenium-screenshot-171.png"&gt;&lt;img src="selenium-screenshot-171.png" width="800px"&gt;&lt;/a&gt;</msg>
<status status="PASS" starttime="20200921 16:22:14.902" endtime="20200921 16:22:15.173"></status>
</kw>
<msg timestamp="20200921 16:22:15.174" level="FAIL">Page should have contained element '//span[@class="text-danger" and text()="Incorrect login information"]' but did not.</msg>
<status status="FAIL" starttime="20200921 16:22:14.884" endtime="20200921 16:22:15.174"></status>
</kw>
<kw name="Close Browser" library="SeleniumLibrary" type="teardown">
<doc>Closes the current browser.</doc>
<status status="PASS" starttime="20200921 16:22:15.175" endtime="20200921 16:22:17.551"></status>
</kw>
<status status="FAIL" starttime="20200921 16:22:04.028" endtime="20200921 16:22:17.551"></status>
</kw>
<kw name="Login Fail" library="LoginAssert">
<arguments>
<arg>Administrator</arg>
<arg>Sz!234</arg>
<arg>8</arg>
</arguments>
<kw name="Run Keyword If" library="BuiltIn">
<doc>Runs the given keyword with the given arguments, if ``condition`` is true.</doc>
<arguments>
<arg>'${caseid}' != 'Blank'</arg>
<arg>Log</arg>
<arg>Running Case -------- ${caseid}</arg>
</arguments>
<kw name="Log" library="BuiltIn">
<doc>Logs the given message with the given level.</doc>
<arguments>
<arg>Running Case -------- ${caseid}</arg>
</arguments>
<msg timestamp="20200921 16:22:17.551" level="INFO">Running Case -------- 8</msg>
<status status="PASS" starttime="20200921 16:22:17.551" endtime="20200921 16:22:17.551"></status>
</kw>
<status status="PASS" starttime="20200921 16:22:17.551" endtime="20200921 16:22:17.551"></status>
</kw>
<kw name="Login" library="LoginModel">
<arguments>
<arg>${username}</arg>
<arg>${password}</arg>
</arguments>
<kw name="Open Url" library="Common">
<kw name="Open Browser" library="SeleniumLibrary">
<doc>Opens a new browser instance to the optional ``url``.</doc>
<arguments>
<arg>${url}</arg>
<arg>${browser}</arg>
<arg>options=add_argument("--disable-popup-blocking"); add_argument("--ignore-certificate-errors")</arg>
</arguments>
<msg timestamp="20200921 16:22:17.566" level="INFO">Opening browser 'chrome' to base url 'https://192.168.7.143:8888/Login'.</msg>
<status status="PASS" starttime="20200921 16:22:17.551" endtime="20200921 16:22:21.691"></status>
</kw>
<kw name="Maximize Browser Window" library="SeleniumLibrary">
<doc>Maximizes current browser window.</doc>
<status status="PASS" starttime="20200921 16:22:21.692" endtime="20200921 16:22:23.815"></status>
</kw>
<status status="PASS" starttime="20200921 16:22:17.551" endtime="20200921 16:22:23.815"></status>
</kw>
<kw name="Run Keyword If" library="BuiltIn">
<doc>Runs the given keyword with the given arguments, if ``condition`` is true.</doc>
<arguments>
<arg>'${username}' != 'Blank'</arg>
<arg>Input Login Username</arg>
<arg>${username}</arg>
</arguments>
<kw name="Input Login Username" library="LoginActions">
<arguments>
<arg>${username}</arg>
</arguments>
<kw name="Input Text" library="SeleniumLibrary">
<doc>Types the given ``text`` into the text field identified by ``locator``.</doc>
<arguments>
<arg>${LoginUsernameL}</arg>
<arg>${username}</arg>
</arguments>
<msg timestamp="20200921 16:22:23.823" level="INFO">Typing text 'Administrator' into text field 'id=login-username'.</msg>
<status status="PASS" starttime="20200921 16:22:23.820" endtime="20200921 16:22:24.000"></status>
</kw>
<status status="PASS" starttime="20200921 16:22:23.818" endtime="20200921 16:22:24.001"></status>
</kw>
<status status="PASS" starttime="20200921 16:22:23.816" endtime="20200921 16:22:24.001"></status>
</kw>
<kw name="Run Keyword If" library="BuiltIn">
<doc>Runs the given keyword with the given arguments, if ``condition`` is true.</doc>
<arguments>
<arg>'${password}' != 'Blank'</arg>
<arg>Input Login Password</arg>
<arg>${password}</arg>
</arguments>
<kw name="Input Login Password" library="LoginActions">
<arguments>
<arg>${password}</arg>
</arguments>
<kw name="Input Text" library="SeleniumLibrary">
<doc>Types the given ``text`` into the text field identified by ``locator``.</doc>
<arguments>
<arg>${LoginPasswordL}</arg>
<arg>${password}</arg>
</arguments>
<msg timestamp="20200921 16:22:24.007" level="INFO">Typing text 'Sz!234' into text field 'id=Password'.</msg>
<status status="PASS" starttime="20200921 16:22:24.006" endtime="20200921 16:22:24.126"></status>
</kw>
<status status="PASS" starttime="20200921 16:22:24.005" endtime="20200921 16:22:24.126"></status>
</kw>
<status status="PASS" starttime="20200921 16:22:24.003" endtime="20200921 16:22:24.127"></status>
</kw>
<kw name="Click Login Button" library="LoginActions">
<kw name="Click Button" library="SeleniumLibrary">
<doc>Clicks the button identified by ``locator``.</doc>
<arguments>
<arg>${LoginButtonL}</arg>
</arguments>
<msg timestamp="20200921 16:22:24.128" level="INFO">Clicking button 'id=log-in'.</msg>
<status status="PASS" starttime="20200921 16:22:24.128" endtime="20200921 16:22:24.209"></status>
</kw>
<status status="PASS" starttime="20200921 16:22:24.127" endtime="20200921 16:22:24.210"></status>
</kw>
<kw name="Sleep" library="BuiltIn">
<doc>Pauses the test executed for the given time.</doc>
<arguments>
<arg>2</arg>
</arguments>
<msg timestamp="20200921 16:22:26.214" level="INFO">Slept 2 seconds</msg>
<status status="PASS" starttime="20200921 16:22:24.211" endtime="20200921 16:22:26.214"></status>
</kw>
<status status="PASS" starttime="20200921 16:22:17.551" endtime="20200921 16:22:26.214"></status>
</kw>
<kw name="Sleep" library="BuiltIn">
<doc>Pauses the test executed for the given time.</doc>
<arguments>
<arg>2</arg>
</arguments>
<msg timestamp="20200921 16:22:28.217" level="INFO">Slept 2 seconds</msg>
<status status="PASS" starttime="20200921 16:22:26.215" endtime="20200921 16:22:28.217"></status>
</kw>
<kw name="Comment" library="BuiltIn">
<doc>Displays the given messages in the log file as keyword arguments.</doc>
<arguments>
<arg>Alert Should Be Present</arg>
<arg>text=${message}</arg>
</arguments>
<status status="PASS" starttime="20200921 16:22:28.217" endtime="20200921 16:22:28.218"></status>
</kw>
<kw name="Page Should Contain Element" library="SeleniumLibrary">
<doc>Verifies that element ``locator`` is found on the current page.</doc>
<arguments>
<arg>${AlertL}</arg>
</arguments>
<msg timestamp="20200921 16:22:28.230" level="INFO">Current page contains element '//span[@class="text-danger" and text()="Incorrect login information"]'.</msg>
<status status="PASS" starttime="20200921 16:22:28.218" endtime="20200921 16:22:28.230"></status>
</kw>
<kw name="Sleep" library="BuiltIn">
<doc>Pauses the test executed for the given time.</doc>
<arguments>
<arg>2</arg>
</arguments>
<msg timestamp="20200921 16:22:30.232" level="INFO">Slept 2 seconds</msg>
<status status="PASS" starttime="20200921 16:22:28.231" endtime="20200921 16:22:30.233"></status>
</kw>
<kw name="Run Keyword If" library="BuiltIn">
<doc>Runs the given keyword with the given arguments, if ``condition`` is true.</doc>
<arguments>
<arg>'${caseid}' != 'Blank'</arg>
<arg>Log</arg>
<arg>Done Case -------- ${caseid}</arg>
</arguments>
<kw name="Log" library="BuiltIn">
<doc>Logs the given message with the given level.</doc>
<arguments>
<arg>Done Case -------- ${caseid}</arg>
</arguments>
<msg timestamp="20200921 16:22:30.237" level="INFO">Done Case -------- 8</msg>
<status status="PASS" starttime="20200921 16:22:30.236" endtime="20200921 16:22:30.238"></status>
</kw>
<status status="PASS" starttime="20200921 16:22:30.234" endtime="20200921 16:22:30.238"></status>
</kw>
<kw name="Close Browser" library="SeleniumLibrary" type="teardown">
<doc>Closes the current browser.</doc>
<status status="PASS" starttime="20200921 16:22:30.240" endtime="20200921 16:22:32.392"></status>
</kw>
<status status="PASS" starttime="20200921 16:22:17.551" endtime="20200921 16:22:32.393"></status>
</kw>
<status status="FAIL" starttime="20200921 16:20:38.693" endtime="20200921 16:22:32.395" critical="yes">Several failures occurred:

1) Page should have contained element '//span[@class="text-danger" and text()="Incorrect login information"]' but did not.

2) Page should have contained element '//span[@class="text-danger" and text()="Incorrect login information"]' but did not.

3) Page should have contained element '//span[@class="text-danger" and text()="Incorrect login information"]' but did not.

4) Page should have contained element '//span[@class="text-danger" and text()="Incorrect login information"]' but did not.</status>
</test>
<status status="FAIL" starttime="20200921 16:20:38.454" endtime="20200921 16:22:32.399"></status>
</suite>
<status status="FAIL" starttime="20200921 16:20:38.417" endtime="20200921 16:22:32.407"></status>
</suite>
<statistics>
<total>
<stat pass="0" fail="1">Critical Tests</stat>
<stat pass="0" fail="1">All Tests</stat>
</total>
<tag>
</tag>
<suite>
<stat pass="0" fail="1" id="s1" name="CMSv4New20200915">CMSv4New20200915</stat>
<stat pass="0" fail="1" id="s1-s1" name="CMS LoginSuite">CMSv4New20200915.CMS LoginSuite</stat>
</suite>
</statistics>
<errors>
</errors>
</robot>
